<?xml version="1.0" encoding="UTF-8"?>
<coverage generated="1682637902858" clover="3.2.0">
  <project timestamp="1682637902858" name="All files">
    <metrics statements="20" coveredstatements="20" conditionals="12" coveredconditionals="12" methods="3" coveredmethods="3" elements="35" coveredelements="35" complexity="0" loc="20" ncloc="20" packages="1" files="1" classes="1"/>
    <file name="2461-Medium-Maximum_Sum_of_Distinct_Subarrays_With_Length_K.js" path="/Users/netanelfrankel/LeetCodePrep/sliding_window/2461-Medium-Maximum_Sum_of_Distinct_Subarrays_With_Length_K.js">
      <metrics statements="20" coveredstatements="20" conditionals="12" coveredconditionals="12" methods="3" coveredmethods="3"/>
      <line num="9" count="18" type="cond" truecount="2" falsecount="0"/>
      <line num="10" count="13" type="stmt"/>
      <line num="15" count="13" type="cond" truecount="2" falsecount="0"/>
      <line num="16" count="5" type="stmt"/>
      <line num="18" count="8" type="stmt"/>
      <line num="22" count="1" type="stmt"/>
      <line num="24" count="3" type="cond" truecount="2" falsecount="0"/>
      <line num="26" count="2" type="stmt"/>
      <line num="27" count="2" type="stmt"/>
      <line num="28" count="2" type="stmt"/>
      <line num="30" count="2" type="stmt"/>
      <line num="32" count="15" type="stmt"/>
      <line num="33" count="15" type="stmt"/>
      <line num="35" count="15" type="cond" truecount="2" falsecount="0"/>
      <line num="36" count="6" type="cond" truecount="2" falsecount="0"/>
      <line num="39" count="15" type="cond" truecount="2" falsecount="0"/>
      <line num="40" count="11" type="stmt"/>
      <line num="41" count="11" type="stmt"/>
      <line num="45" count="2" type="stmt"/>
      <line num="49" count="1" type="stmt"/>
    </file>
  </project>
</coverage>
