{"/Users/netanelfrankel/LeetCodePrep/sliding_window/2461-Medium-Maximum_Sum_of_Distinct_Subarrays_With_Length_K.js": {"path":"/Users/netanelfrankel/LeetCodePrep/sliding_window/2461-Medium-Maximum_Sum_of_Distinct_Subarrays_With_Length_K.js","statementMap":{"0":{"start":{"line":9,"column":4},"end":{"line":10,"column":27}},"1":{"start":{"line":9,"column":22},"end":{"line":9,"column":52}},"2":{"start":{"line":10,"column":9},"end":{"line":10,"column":26}},"3":{"start":{"line":15,"column":4},"end":{"line":18,"column":24}},"4":{"start":{"line":16,"column":4},"end":{"line":16,"column":34}},"5":{"start":{"line":18,"column":7},"end":{"line":18,"column":23}},"6":{"start":{"line":22,"column":27},"end":{"line":47,"column":3}},"7":{"start":{"line":24,"column":5},"end":{"line":24,"column":36}},"8":{"start":{"line":24,"column":27},"end":{"line":24,"column":35}},"9":{"start":{"line":26,"column":18},"end":{"line":26,"column":27}},"10":{"start":{"line":27,"column":18},"end":{"line":27,"column":19}},"11":{"start":{"line":28,"column":19},"end":{"line":28,"column":20}},"12":{"start":{"line":30,"column":5},"end":{"line":44,"column":6}},"13":{"start":{"line":30,"column":16},"end":{"line":30,"column":17}},"14":{"start":{"line":32,"column":7},"end":{"line":32,"column":26}},"15":{"start":{"line":33,"column":8},"end":{"line":33,"column":37}},"16":{"start":{"line":35,"column":7},"end":{"line":37,"column":8}},"17":{"start":{"line":36,"column":9},"end":{"line":36,"column":47}},"18":{"start":{"line":36,"column":30},"end":{"line":36,"column":46}},"19":{"start":{"line":39,"column":7},"end":{"line":42,"column":8}},"20":{"start":{"line":40,"column":9},"end":{"line":40,"column":48}},"21":{"start":{"line":41,"column":10},"end":{"line":41,"column":34}},"22":{"start":{"line":45,"column":5},"end":{"line":45,"column":19}},"23":{"start":{"line":49,"column":2},"end":{"line":53,"column":2}}},"fnMap":{"0":{"name":"addItemToMap","decl":{"start":{"line":8,"column":9},"end":{"line":8,"column":21}},"loc":{"start":{"line":8,"column":32},"end":{"line":11,"column":3}},"line":8},"1":{"name":"removeItemFromMap","decl":{"start":{"line":14,"column":11},"end":{"line":14,"column":28}},"loc":{"start":{"line":14,"column":38},"end":{"line":19,"column":3}},"line":14},"2":{"name":"(anonymous_2)","decl":{"start":{"line":22,"column":27},"end":{"line":22,"column":28}},"loc":{"start":{"line":22,"column":45},"end":{"line":47,"column":3}},"line":22}},"branchMap":{"0":{"loc":{"start":{"line":9,"column":4},"end":{"line":10,"column":27}},"type":"if","locations":[{"start":{"line":9,"column":4},"end":{"line":10,"column":27}},{"start":{"line":10,"column":8},"end":{"line":10,"column":27}}],"line":9},"1":{"loc":{"start":{"line":15,"column":4},"end":{"line":18,"column":24}},"type":"if","locations":[{"start":{"line":15,"column":4},"end":{"line":18,"column":24}},{"start":{"line":18,"column":6},"end":{"line":18,"column":24}}],"line":15},"2":{"loc":{"start":{"line":24,"column":5},"end":{"line":24,"column":36}},"type":"if","locations":[{"start":{"line":24,"column":5},"end":{"line":24,"column":36}},{"start":{},"end":{}}],"line":24},"3":{"loc":{"start":{"line":35,"column":7},"end":{"line":37,"column":8}},"type":"if","locations":[{"start":{"line":35,"column":7},"end":{"line":37,"column":8}},{"start":{},"end":{}}],"line":35},"4":{"loc":{"start":{"line":36,"column":9},"end":{"line":36,"column":47}},"type":"if","locations":[{"start":{"line":36,"column":9},"end":{"line":36,"column":47}},{"start":{},"end":{}}],"line":36},"5":{"loc":{"start":{"line":39,"column":7},"end":{"line":42,"column":8}},"type":"if","locations":[{"start":{"line":39,"column":7},"end":{"line":42,"column":8}},{"start":{},"end":{}}],"line":39}},"s":{"0":18,"1":5,"2":13,"3":13,"4":5,"5":8,"6":1,"7":3,"8":1,"9":2,"10":2,"11":2,"12":2,"13":2,"14":15,"15":15,"16":15,"17":6,"18":5,"19":15,"20":11,"21":11,"22":2,"23":1},"f":{"0":18,"1":13,"2":3},"b":{"0":[5,13],"1":[5,8],"2":[1,2],"3":[6,9],"4":[5,1],"5":[11,4]},"_coverageSchema":"1a1c01bbd47fc00a2c39e90264f33305004495a9","hash":"cca478eb1c93b11a730ac0c65effb4327c6593bd"}
}
