TN:
SF:sliding_window/2461-Medium-Maximum_Sum_of_Distinct_Subarrays_With_Length_K.js
FN:8,addItemToMap
FN:14,removeItemFromMap
FN:22,(anonymous_2)
FNF:3
FNH:3
FNDA:18,addItemToMap
FNDA:13,removeItemFromMap
FNDA:3,(anonymous_2)
DA:9,18
DA:10,13
DA:15,13
DA:16,5
DA:18,8
DA:22,1
DA:24,3
DA:26,2
DA:27,2
DA:28,2
DA:30,2
DA:32,15
DA:33,15
DA:35,15
DA:36,6
DA:39,15
DA:40,11
DA:41,11
DA:45,2
DA:49,1
LF:20
LH:20
BRDA:9,0,0,5
BRDA:9,0,1,13
BRDA:15,1,0,5
BRDA:15,1,1,8
BRDA:24,2,0,1
BRDA:24,2,1,2
BRDA:35,3,0,6
BRDA:35,3,1,9
BRDA:36,4,0,5
BRDA:36,4,1,1
BRDA:39,5,0,11
BRDA:39,5,1,4
BRF:12
BRH:12
end_of_record
